[06-Aug-2024 19:53:57 Europe/Berlin] PHP Warning:  Undefined array key "kbi_rate" in D:\hors\htdocs\hors\js\ajax\update_kbi.php on line 12
[06-Aug-2024 19:53:57 Europe/Berlin] PHP Warning:  Trying to access array offset on value of type null in D:\hors\htdocs\hors\js\ajax\update_kbi.php on line 12
[06-Aug-2024 19:53:57 Europe/Berlin] PHP Warning:  Undefined array key "kbi_sum" in D:\hors\htdocs\hors\js\ajax\update_kbi.php on line 13
[06-Aug-2024 19:53:57 Europe/Berlin] PHP Warning:  Trying to access array offset on value of type null in D:\hors\htdocs\hors\js\ajax\update_kbi.php on line 13
[06-Aug-2024 19:53:57 Europe/Berlin] PHP Warning:  Undefined array key "kbi_weight" in D:\hors\htdocs\hors\js\ajax\update_kbi.php on line 14
[06-Aug-2024 19:53:57 Europe/Berlin] PHP Warning:  Trying to access array offset on value of type null in D:\hors\htdocs\hors\js\ajax\update_kbi.php on line 14
[06-Aug-2024 19:53:57 Europe/Berlin] PHP Warning:  Undefined array key 5 in D:\hors\htdocs\hors\js\ajax\update_kbi.php on line 15
[06-Aug-2024 19:53:57 Europe/Berlin] PHP Warning:  Undefined array key "kbi_rate" in D:\hors\htdocs\hors\js\ajax\update_kbi.php on line 12
[06-Aug-2024 19:53:57 Europe/Berlin] PHP Warning:  Trying to access array offset on value of type null in D:\hors\htdocs\hors\js\ajax\update_kbi.php on line 12
[06-Aug-2024 19:53:57 Europe/Berlin] PHP Warning:  Undefined array key "kbi_sum" in D:\hors\htdocs\hors\js\ajax\update_kbi.php on line 13
[06-Aug-2024 19:53:57 Europe/Berlin] PHP Warning:  Trying to access array offset on value of type null in D:\hors\htdocs\hors\js\ajax\update_kbi.php on line 13
[06-Aug-2024 19:53:57 Europe/Berlin] PHP Warning:  Undefined array key "kbi_weight" in D:\hors\htdocs\hors\js\ajax\update_kbi.php on line 14
[06-Aug-2024 19:53:57 Europe/Berlin] PHP Warning:  Trying to access array offset on value of type null in D:\hors\htdocs\hors\js\ajax\update_kbi.php on line 14
[06-Aug-2024 19:53:57 Europe/Berlin] PHP Warning:  Undefined array key "kbi_rate" in D:\hors\htdocs\hors\js\ajax\update_kbi.php on line 12
[06-Aug-2024 19:53:57 Europe/Berlin] PHP Warning:  Trying to access array offset on value of type null in D:\hors\htdocs\hors\js\ajax\update_kbi.php on line 12
[06-Aug-2024 19:53:57 Europe/Berlin] PHP Warning:  Undefined array key "kbi_sum" in D:\hors\htdocs\hors\js\ajax\update_kbi.php on line 13
[06-Aug-2024 19:53:57 Europe/Berlin] PHP Warning:  Trying to access array offset on value of type null in D:\hors\htdocs\hors\js\ajax\update_kbi.php on line 13
[06-Aug-2024 19:53:57 Europe/Berlin] PHP Warning:  Undefined array key "kbi_weight" in D:\hors\htdocs\hors\js\ajax\update_kbi.php on line 14
[06-Aug-2024 19:53:57 Europe/Berlin] PHP Warning:  Trying to access array offset on value of type null in D:\hors\htdocs\hors\js\ajax\update_kbi.php on line 14
[06-Aug-2024 19:53:57 Europe/Berlin] PHP Warning:  Undefined array key 9 in D:\hors\htdocs\hors\js\ajax\update_kbi.php on line 15
[06-Aug-2024 19:53:57 Europe/Berlin] PHP Warning:  Undefined array key "kbi_rate" in D:\hors\htdocs\hors\js\ajax\update_kbi.php on line 12
[06-Aug-2024 19:53:57 Europe/Berlin] PHP Warning:  Trying to access array offset on value of type null in D:\hors\htdocs\hors\js\ajax\update_kbi.php on line 12
[06-Aug-2024 19:53:57 Europe/Berlin] PHP Warning:  Undefined array key "kbi_sum" in D:\hors\htdocs\hors\js\ajax\update_kbi.php on line 13
[06-Aug-2024 19:53:57 Europe/Berlin] PHP Warning:  Trying to access array offset on value of type null in D:\hors\htdocs\hors\js\ajax\update_kbi.php on line 13
[06-Aug-2024 19:53:57 Europe/Berlin] PHP Warning:  Undefined array key "kbi_weight" in D:\hors\htdocs\hors\js\ajax\update_kbi.php on line 14
[06-Aug-2024 19:53:57 Europe/Berlin] PHP Warning:  Trying to access array offset on value of type null in D:\hors\htdocs\hors\js\ajax\update_kbi.php on line 14
[06-Aug-2024 19:53:57 Europe/Berlin] PHP Warning:  Undefined array key 13 in D:\hors\htdocs\hors\js\ajax\update_kbi.php on line 15
[06-Aug-2024 19:53:58 Europe/Berlin] PHP Warning:  Undefined array key "kbi_rate" in D:\hors\htdocs\hors\js\ajax\update_kbi.php on line 12
[06-Aug-2024 19:53:58 Europe/Berlin] PHP Warning:  Trying to access array offset on value of type null in D:\hors\htdocs\hors\js\ajax\update_kbi.php on line 12
[06-Aug-2024 19:53:58 Europe/Berlin] PHP Warning:  Undefined array key "kbi_sum" in D:\hors\htdocs\hors\js\ajax\update_kbi.php on line 13
[06-Aug-2024 19:53:58 Europe/Berlin] PHP Warning:  Trying to access array offset on value of type null in D:\hors\htdocs\hors\js\ajax\update_kbi.php on line 13
[06-Aug-2024 19:53:58 Europe/Berlin] PHP Warning:  Undefined array key "kbi_weight" in D:\hors\htdocs\hors\js\ajax\update_kbi.php on line 14
[06-Aug-2024 19:53:58 Europe/Berlin] PHP Warning:  Trying to access array offset on value of type null in D:\hors\htdocs\hors\js\ajax\update_kbi.php on line 14
[06-Aug-2024 19:53:58 Europe/Berlin] PHP Warning:  Undefined array key 5 in D:\hors\htdocs\hors\js\ajax\update_kbi.php on line 15
[06-Aug-2024 19:53:58 Europe/Berlin] PHP Warning:  Undefined array key "kbi_rate" in D:\hors\htdocs\hors\js\ajax\update_kbi.php on line 12
[06-Aug-2024 19:53:58 Europe/Berlin] PHP Warning:  Trying to access array offset on value of type null in D:\hors\htdocs\hors\js\ajax\update_kbi.php on line 12
[06-Aug-2024 19:53:58 Europe/Berlin] PHP Warning:  Undefined array key "kbi_sum" in D:\hors\htdocs\hors\js\ajax\update_kbi.php on line 13
[06-Aug-2024 19:53:58 Europe/Berlin] PHP Warning:  Trying to access array offset on value of type null in D:\hors\htdocs\hors\js\ajax\update_kbi.php on line 13
[06-Aug-2024 19:53:58 Europe/Berlin] PHP Warning:  Undefined array key "kbi_weight" in D:\hors\htdocs\hors\js\ajax\update_kbi.php on line 14
[06-Aug-2024 19:53:58 Europe/Berlin] PHP Warning:  Trying to access array offset on value of type null in D:\hors\htdocs\hors\js\ajax\update_kbi.php on line 14
[06-Aug-2024 19:53:58 Europe/Berlin] PHP Warning:  Undefined array key "kbi_rate" in D:\hors\htdocs\hors\js\ajax\update_kbi.php on line 12
[06-Aug-2024 19:53:58 Europe/Berlin] PHP Warning:  Trying to access array offset on value of type null in D:\hors\htdocs\hors\js\ajax\update_kbi.php on line 12
[06-Aug-2024 19:53:58 Europe/Berlin] PHP Warning:  Undefined array key "kbi_sum" in D:\hors\htdocs\hors\js\ajax\update_kbi.php on line 13
[06-Aug-2024 19:53:58 Europe/Berlin] PHP Warning:  Trying to access array offset on value of type null in D:\hors\htdocs\hors\js\ajax\update_kbi.php on line 13
[06-Aug-2024 19:53:58 Europe/Berlin] PHP Warning:  Undefined array key "kbi_weight" in D:\hors\htdocs\hors\js\ajax\update_kbi.php on line 14
[06-Aug-2024 19:53:58 Europe/Berlin] PHP Warning:  Trying to access array offset on value of type null in D:\hors\htdocs\hors\js\ajax\update_kbi.php on line 14
[06-Aug-2024 19:53:58 Europe/Berlin] PHP Warning:  Undefined array key 9 in D:\hors\htdocs\hors\js\ajax\update_kbi.php on line 15
[06-Aug-2024 19:53:58 Europe/Berlin] PHP Warning:  Undefined array key "kbi_rate" in D:\hors\htdocs\hors\js\ajax\update_kbi.php on line 12
[06-Aug-2024 19:53:58 Europe/Berlin] PHP Warning:  Trying to access array offset on value of type null in D:\hors\htdocs\hors\js\ajax\update_kbi.php on line 12
[06-Aug-2024 19:53:58 Europe/Berlin] PHP Warning:  Undefined array key "kbi_sum" in D:\hors\htdocs\hors\js\ajax\update_kbi.php on line 13
[06-Aug-2024 19:53:58 Europe/Berlin] PHP Warning:  Trying to access array offset on value of type null in D:\hors\htdocs\hors\js\ajax\update_kbi.php on line 13
[06-Aug-2024 19:53:58 Europe/Berlin] PHP Warning:  Undefined array key "kbi_weight" in D:\hors\htdocs\hors\js\ajax\update_kbi.php on line 14
[06-Aug-2024 19:53:58 Europe/Berlin] PHP Warning:  Trying to access array offset on value of type null in D:\hors\htdocs\hors\js\ajax\update_kbi.php on line 14
[06-Aug-2024 19:53:58 Europe/Berlin] PHP Warning:  Undefined array key 13 in D:\hors\htdocs\hors\js\ajax\update_kbi.php on line 15
[06-Aug-2024 19:56:52 Europe/Berlin] PHP Warning:  Undefined array key "kbi_rate" in D:\hors\htdocs\hors\js\ajax\update_kbi.php on line 12
[06-Aug-2024 19:56:52 Europe/Berlin] PHP Warning:  Trying to access array offset on value of type null in D:\hors\htdocs\hors\js\ajax\update_kbi.php on line 12
[06-Aug-2024 19:56:52 Europe/Berlin] PHP Warning:  Undefined array key "kbi_sum" in D:\hors\htdocs\hors\js\ajax\update_kbi.php on line 13
[06-Aug-2024 19:56:52 Europe/Berlin] PHP Warning:  Trying to access array offset on value of type null in D:\hors\htdocs\hors\js\ajax\update_kbi.php on line 13
[06-Aug-2024 19:56:52 Europe/Berlin] PHP Warning:  Undefined array key "kbi_weight" in D:\hors\htdocs\hors\js\ajax\update_kbi.php on line 14
[06-Aug-2024 19:56:52 Europe/Berlin] PHP Warning:  Trying to access array offset on value of type null in D:\hors\htdocs\hors\js\ajax\update_kbi.php on line 14
[06-Aug-2024 19:56:52 Europe/Berlin] PHP Warning:  Undefined array key 5 in D:\hors\htdocs\hors\js\ajax\update_kbi.php on line 15
[06-Aug-2024 19:56:52 Europe/Berlin] PHP Warning:  Undefined array key "kbi_rate" in D:\hors\htdocs\hors\js\ajax\update_kbi.php on line 12
[06-Aug-2024 19:56:52 Europe/Berlin] PHP Warning:  Trying to access array offset on value of type null in D:\hors\htdocs\hors\js\ajax\update_kbi.php on line 12
[06-Aug-2024 19:56:52 Europe/Berlin] PHP Warning:  Undefined array key "kbi_sum" in D:\hors\htdocs\hors\js\ajax\update_kbi.php on line 13
[06-Aug-2024 19:56:52 Europe/Berlin] PHP Warning:  Trying to access array offset on value of type null in D:\hors\htdocs\hors\js\ajax\update_kbi.php on line 13
[06-Aug-2024 19:56:52 Europe/Berlin] PHP Warning:  Undefined array key "kbi_weight" in D:\hors\htdocs\hors\js\ajax\update_kbi.php on line 14
[06-Aug-2024 19:56:52 Europe/Berlin] PHP Warning:  Trying to access array offset on value of type null in D:\hors\htdocs\hors\js\ajax\update_kbi.php on line 14
[06-Aug-2024 19:56:52 Europe/Berlin] PHP Warning:  Undefined array key "kbi_rate" in D:\hors\htdocs\hors\js\ajax\update_kbi.php on line 12
[06-Aug-2024 19:56:52 Europe/Berlin] PHP Warning:  Trying to access array offset on value of type null in D:\hors\htdocs\hors\js\ajax\update_kbi.php on line 12
[06-Aug-2024 19:56:52 Europe/Berlin] PHP Warning:  Undefined array key "kbi_sum" in D:\hors\htdocs\hors\js\ajax\update_kbi.php on line 13
[06-Aug-2024 19:56:52 Europe/Berlin] PHP Warning:  Trying to access array offset on value of type null in D:\hors\htdocs\hors\js\ajax\update_kbi.php on line 13
[06-Aug-2024 19:56:52 Europe/Berlin] PHP Warning:  Undefined array key "kbi_weight" in D:\hors\htdocs\hors\js\ajax\update_kbi.php on line 14
[06-Aug-2024 19:56:52 Europe/Berlin] PHP Warning:  Trying to access array offset on value of type null in D:\hors\htdocs\hors\js\ajax\update_kbi.php on line 14
[06-Aug-2024 19:56:52 Europe/Berlin] PHP Warning:  Undefined array key 9 in D:\hors\htdocs\hors\js\ajax\update_kbi.php on line 15
[06-Aug-2024 19:56:52 Europe/Berlin] PHP Warning:  Undefined array key "kbi_rate" in D:\hors\htdocs\hors\js\ajax\update_kbi.php on line 12
[06-Aug-2024 19:56:52 Europe/Berlin] PHP Warning:  Trying to access array offset on value of type null in D:\hors\htdocs\hors\js\ajax\update_kbi.php on line 12
[06-Aug-2024 19:56:52 Europe/Berlin] PHP Warning:  Undefined array key "kbi_sum" in D:\hors\htdocs\hors\js\ajax\update_kbi.php on line 13
[06-Aug-2024 19:56:52 Europe/Berlin] PHP Warning:  Trying to access array offset on value of type null in D:\hors\htdocs\hors\js\ajax\update_kbi.php on line 13
[06-Aug-2024 19:56:52 Europe/Berlin] PHP Warning:  Undefined array key "kbi_weight" in D:\hors\htdocs\hors\js\ajax\update_kbi.php on line 14
[06-Aug-2024 19:56:52 Europe/Berlin] PHP Warning:  Trying to access array offset on value of type null in D:\hors\htdocs\hors\js\ajax\update_kbi.php on line 14
[06-Aug-2024 19:56:52 Europe/Berlin] PHP Warning:  Undefined array key 13 in D:\hors\htdocs\hors\js\ajax\update_kbi.php on line 15
[06-Aug-2024 19:58:39 Europe/Berlin] PHP Warning:  Undefined array key 5 in D:\hors\htdocs\hors\js\ajax\update_kbi.php on line 12
[06-Aug-2024 19:58:39 Europe/Berlin] PHP Warning:  Undefined array key 5 in D:\hors\htdocs\hors\js\ajax\update_kbi.php on line 13
[06-Aug-2024 19:58:39 Europe/Berlin] PHP Warning:  Undefined array key 5 in D:\hors\htdocs\hors\js\ajax\update_kbi.php on line 14
[06-Aug-2024 19:58:39 Europe/Berlin] PHP Warning:  Undefined array key 5 in D:\hors\htdocs\hors\js\ajax\update_kbi.php on line 15
[06-Aug-2024 19:58:39 Europe/Berlin] PHP Warning:  Undefined array key 9 in D:\hors\htdocs\hors\js\ajax\update_kbi.php on line 12
[06-Aug-2024 19:58:39 Europe/Berlin] PHP Warning:  Undefined array key 9 in D:\hors\htdocs\hors\js\ajax\update_kbi.php on line 13
[06-Aug-2024 19:58:39 Europe/Berlin] PHP Warning:  Undefined array key 9 in D:\hors\htdocs\hors\js\ajax\update_kbi.php on line 14
[06-Aug-2024 19:58:39 Europe/Berlin] PHP Warning:  Undefined array key 9 in D:\hors\htdocs\hors\js\ajax\update_kbi.php on line 15
[06-Aug-2024 19:58:39 Europe/Berlin] PHP Warning:  Undefined array key 13 in D:\hors\htdocs\hors\js\ajax\update_kbi.php on line 12
[06-Aug-2024 19:58:39 Europe/Berlin] PHP Warning:  Undefined array key 13 in D:\hors\htdocs\hors\js\ajax\update_kbi.php on line 13
[06-Aug-2024 19:58:39 Europe/Berlin] PHP Warning:  Undefined array key 13 in D:\hors\htdocs\hors\js\ajax\update_kbi.php on line 14
[06-Aug-2024 19:58:39 Europe/Berlin] PHP Warning:  Undefined array key 13 in D:\hors\htdocs\hors\js\ajax\update_kbi.php on line 15
