[02-Nov-2025 12:54:31 Europe/Berlin] === get_recent_orders.php started ===
[02-Nov-2025 12:54:31 Europe/Berlin] === get_recent_orders.php started ===
[02-Nov-2025 13:00:33 Europe/Berlin] === get_recent_orders.php started ===
[02-Nov-2025 13:00:34 Europe/Berlin] === get_recent_orders.php started ===
[02-Nov-2025 13:02:52 Europe/Berlin] === get_recent_orders.php started ===
[02-Nov-2025 13:02:52 Europe/Berlin] === get_recent_orders.php started ===
[02-Nov-2025 13:06:57 Europe/Berlin] === get_recent_orders.php started ===
[02-Nov-2025 13:06:57 Europe/Berlin] === get_recent_orders.php started ===
[02-Nov-2025 13:09:04 Europe/Berlin] === get_recent_orders.php started ===
[02-Nov-2025 13:09:05 Europe/Berlin] === get_recent_orders.php started ===
[02-Nov-2025 13:09:18 Europe/Berlin] === get_recent_orders.php started ===
[02-Nov-2025 13:09:19 Europe/Berlin] === get_recent_orders.php started ===
[02-Nov-2025 13:13:01 Europe/Berlin] === get_recent_orders.php started at 2025-11-02 13:13:01 ===
[02-Nov-2025 13:13:01 Europe/Berlin] GET: Array
(
    [_] => 1762085581814
)

[02-Nov-2025 13:13:01 Europe/Berlin] POST: Array
(
)

[02-Nov-2025 13:13:02 Europe/Berlin] === get_recent_orders.php started at 2025-11-02 13:13:02 ===
[02-Nov-2025 13:13:02 Europe/Berlin] GET: Array
(
    [_] => 1762085582446
)

[02-Nov-2025 13:13:02 Europe/Berlin] POST: Array
(
)

[02-Nov-2025 13:14:17 Europe/Berlin] === get_recent_orders.php started at 2025-11-02 13:14:17 ===
[02-Nov-2025 13:14:17 Europe/Berlin] GET: Array
(
    [_] => 1762085657127
)

[02-Nov-2025 13:14:17 Europe/Berlin] POST: Array
(
)

[02-Nov-2025 13:14:17 Europe/Berlin] === get_recent_orders.php started at 2025-11-02 13:14:17 ===
[02-Nov-2025 13:14:17 Europe/Berlin] GET: Array
(
    [_] => 1762085657714
)

[02-Nov-2025 13:14:17 Europe/Berlin] POST: Array
(
)

[02-Nov-2025 13:19:39 Europe/Berlin] === get_recent_orders.php started at 2025-11-02 13:19:39 ===
[02-Nov-2025 13:19:39 Europe/Berlin] GET: Array
(
    [_] => 1762085979548
)

[02-Nov-2025 13:19:39 Europe/Berlin] POST: Array
(
)

[02-Nov-2025 13:19:40 Europe/Berlin] === get_recent_orders.php started at 2025-11-02 13:19:40 ===
[02-Nov-2025 13:19:40 Europe/Berlin] GET: Array
(
    [_] => 1762085980117
)

[02-Nov-2025 13:19:40 Europe/Berlin] POST: Array
(
)

[02-Nov-2025 13:19:59 Europe/Berlin] === get_recent_orders.php started at 2025-11-02 13:19:59 ===
[02-Nov-2025 13:19:59 Europe/Berlin] GET: Array
(
    [_] => 1762085999197
)

[02-Nov-2025 13:19:59 Europe/Berlin] POST: Array
(
)

[02-Nov-2025 13:19:59 Europe/Berlin] === get_recent_orders.php started at 2025-11-02 13:19:59 ===
[02-Nov-2025 13:19:59 Europe/Berlin] GET: Array
(
    [_] => 1762085999689
)

[02-Nov-2025 13:19:59 Europe/Berlin] POST: Array
(
)

[02-Nov-2025 13:24:17 Europe/Berlin] === get_recent_orders.php started at 2025-11-02 13:24:17 ===
[02-Nov-2025 13:24:17 Europe/Berlin] GET: Array
(
    [_] => 1762086257063
)

[02-Nov-2025 13:24:17 Europe/Berlin] POST: Array
(
)

[02-Nov-2025 13:24:17 Europe/Berlin] === get_recent_orders.php started at 2025-11-02 13:24:17 ===
[02-Nov-2025 13:24:17 Europe/Berlin] GET: Array
(
    [_] => 1762086257657
)

[02-Nov-2025 13:24:17 Europe/Berlin] POST: Array
(
)

[02-Nov-2025 13:28:40 Europe/Berlin] === get_recent_orders.php started at 2025-11-02 13:28:40 ===
[02-Nov-2025 13:28:40 Europe/Berlin] GET: Array
(
    [_] => 1762086520380
)

[02-Nov-2025 13:28:40 Europe/Berlin] POST: Array
(
)

[02-Nov-2025 13:28:41 Europe/Berlin] === get_recent_orders.php started at 2025-11-02 13:28:41 ===
[02-Nov-2025 13:28:41 Europe/Berlin] GET: Array
(
    [_] => 1762086521007
)

[02-Nov-2025 13:28:41 Europe/Berlin] POST: Array
(
)

[02-Nov-2025 13:28:45 Europe/Berlin] === get_recent_orders.php started at 2025-11-02 13:28:45 ===
[02-Nov-2025 13:28:45 Europe/Berlin] GET: Array
(
    [_] => 1762086525532
)

[02-Nov-2025 13:28:45 Europe/Berlin] POST: Array
(
)

[02-Nov-2025 13:28:46 Europe/Berlin] === get_recent_orders.php started at 2025-11-02 13:28:46 ===
[02-Nov-2025 13:28:46 Europe/Berlin] GET: Array
(
    [_] => 1762086526025
)

[02-Nov-2025 13:28:46 Europe/Berlin] POST: Array
(
)

[02-Nov-2025 13:33:19 Europe/Berlin] === get_recent_orders.php started at 2025-11-02 13:33:19 ===
[02-Nov-2025 13:33:19 Europe/Berlin] GET: Array
(
    [_] => 1762086799750
)

[02-Nov-2025 13:33:19 Europe/Berlin] POST: Array
(
)

[02-Nov-2025 13:33:20 Europe/Berlin] === get_recent_orders.php started at 2025-11-02 13:33:20 ===
[02-Nov-2025 13:33:20 Europe/Berlin] GET: Array
(
    [_] => 1762086800436
)

[02-Nov-2025 13:33:20 Europe/Berlin] POST: Array
(
)

[02-Nov-2025 13:36:51 Europe/Berlin] === get_recent_orders.php started at 2025-11-02 13:36:51 ===
[02-Nov-2025 13:36:51 Europe/Berlin] GET: Array
(
    [_] => 1762087011808
)

[02-Nov-2025 13:36:51 Europe/Berlin] POST: Array
(
)

[02-Nov-2025 13:36:52 Europe/Berlin] === get_recent_orders.php started at 2025-11-02 13:36:52 ===
[02-Nov-2025 13:36:52 Europe/Berlin] GET: Array
(
    [_] => 1762087012398
)

[02-Nov-2025 13:36:52 Europe/Berlin] POST: Array
(
)

[02-Nov-2025 13:37:09 Europe/Berlin] === get_recent_orders.php started at 2025-11-02 13:37:09 ===
[02-Nov-2025 13:37:09 Europe/Berlin] GET: Array
(
    [_] => 1762087029058
)

[02-Nov-2025 13:37:09 Europe/Berlin] POST: Array
(
)

[02-Nov-2025 13:37:09 Europe/Berlin] === get_recent_orders.php started at 2025-11-02 13:37:09 ===
[02-Nov-2025 13:37:09 Europe/Berlin] GET: Array
(
    [_] => 1762087029667
)

[02-Nov-2025 13:37:09 Europe/Berlin] POST: Array
(
)

[02-Nov-2025 14:07:04 Europe/Berlin] === get_recent_orders.php started at 2025-11-02 14:07:04 ===
[02-Nov-2025 14:07:04 Europe/Berlin] GET: Array
(
    [_] => 1762088824698
)

[02-Nov-2025 14:07:04 Europe/Berlin] POST: Array
(
)

[02-Nov-2025 14:07:05 Europe/Berlin] === get_recent_orders.php started at 2025-11-02 14:07:05 ===
[02-Nov-2025 14:07:05 Europe/Berlin] GET: Array
(
    [_] => 1762088825275
)

[02-Nov-2025 14:07:05 Europe/Berlin] POST: Array
(
)

[02-Nov-2025 14:10:03 Europe/Berlin] === get_recent_orders.php started at 2025-11-02 14:10:03 ===
[02-Nov-2025 14:10:03 Europe/Berlin] GET: Array
(
    [_] => 1762089003856
)

[02-Nov-2025 14:10:03 Europe/Berlin] POST: Array
(
)

[02-Nov-2025 14:10:04 Europe/Berlin] === get_recent_orders.php started at 2025-11-02 14:10:04 ===
[02-Nov-2025 14:10:04 Europe/Berlin] GET: Array
(
    [_] => 1762089004342
)

[02-Nov-2025 14:10:04 Europe/Berlin] POST: Array
(
)

[02-Nov-2025 14:11:49 Europe/Berlin] === get_recent_orders.php started at 2025-11-02 14:11:49 ===
[02-Nov-2025 14:11:49 Europe/Berlin] GET: Array
(
    [_] => 1762089109591
)

[02-Nov-2025 14:11:49 Europe/Berlin] POST: Array
(
)

[02-Nov-2025 14:11:50 Europe/Berlin] === get_recent_orders.php started at 2025-11-02 14:11:50 ===
[02-Nov-2025 14:11:50 Europe/Berlin] GET: Array
(
    [_] => 1762089110062
)

[02-Nov-2025 14:11:50 Europe/Berlin] POST: Array
(
)

[02-Nov-2025 14:34:22 Europe/Berlin] === get_recent_orders.php started at 2025-11-02 14:34:22 ===
[02-Nov-2025 14:34:22 Europe/Berlin] GET: Array
(
    [_] => 1762090462738
)

[02-Nov-2025 14:34:22 Europe/Berlin] POST: Array
(
)

[02-Nov-2025 14:34:23 Europe/Berlin] === get_recent_orders.php started at 2025-11-02 14:34:23 ===
[02-Nov-2025 14:34:23 Europe/Berlin] GET: Array
(
    [_] => 1762090463301
)

[02-Nov-2025 14:34:23 Europe/Berlin] POST: Array
(
)

[02-Nov-2025 14:39:18 Europe/Berlin] === get_recent_orders.php started at 2025-11-02 14:39:18 ===
[02-Nov-2025 14:39:18 Europe/Berlin] GET: Array
(
    [_] => 1762090758752
)

[02-Nov-2025 14:39:18 Europe/Berlin] POST: Array
(
)

[02-Nov-2025 14:39:19 Europe/Berlin] === get_recent_orders.php started at 2025-11-02 14:39:19 ===
[02-Nov-2025 14:39:19 Europe/Berlin] GET: Array
(
    [_] => 1762090759342
)

[02-Nov-2025 14:39:19 Europe/Berlin] POST: Array
(
)

[02-Nov-2025 14:42:03 Europe/Berlin] === get_recent_orders.php started at 2025-11-02 14:42:03 ===
[02-Nov-2025 14:42:03 Europe/Berlin] GET: Array
(
    [_] => 1762090923523
)

[02-Nov-2025 14:42:03 Europe/Berlin] POST: Array
(
)

[02-Nov-2025 14:42:04 Europe/Berlin] === get_recent_orders.php started at 2025-11-02 14:42:04 ===
[02-Nov-2025 14:42:04 Europe/Berlin] GET: Array
(
    [_] => 1762090924003
)

[02-Nov-2025 14:42:04 Europe/Berlin] POST: Array
(
)

[02-Nov-2025 14:55:57 Europe/Berlin] === get_recent_orders.php started at 2025-11-02 14:55:57 ===
[02-Nov-2025 14:55:57 Europe/Berlin] GET: Array
(
    [_] => 1762091757951
)

[02-Nov-2025 14:55:57 Europe/Berlin] POST: Array
(
)

[02-Nov-2025 14:55:58 Europe/Berlin] === get_recent_orders.php started at 2025-11-02 14:55:58 ===
[02-Nov-2025 14:55:58 Europe/Berlin] GET: Array
(
    [_] => 1762091758524
)

[02-Nov-2025 14:55:58 Europe/Berlin] POST: Array
(
)

[02-Nov-2025 14:56:21 Europe/Berlin] === get_recent_orders.php started at 2025-11-02 14:56:21 ===
[02-Nov-2025 14:56:21 Europe/Berlin] GET: Array
(
    [_] => 1762091781188
)

[02-Nov-2025 14:56:21 Europe/Berlin] POST: Array
(
)

[02-Nov-2025 14:56:21 Europe/Berlin] === get_recent_orders.php started at 2025-11-02 14:56:21 ===
[02-Nov-2025 14:56:21 Europe/Berlin] GET: Array
(
    [_] => 1762091781761
)

[02-Nov-2025 14:56:21 Europe/Berlin] POST: Array
(
)

[02-Nov-2025 15:21:26 Europe/Berlin] === get_recent_orders.php started at 2025-11-02 15:21:26 ===
[02-Nov-2025 15:21:26 Europe/Berlin] GET: Array
(
    [_] => 1762093286266
)

[02-Nov-2025 15:21:26 Europe/Berlin] POST: Array
(
)

[02-Nov-2025 15:21:26 Europe/Berlin] === get_recent_orders.php started at 2025-11-02 15:21:26 ===
[02-Nov-2025 15:21:26 Europe/Berlin] GET: Array
(
    [_] => 1762093286575
)

[02-Nov-2025 15:21:26 Europe/Berlin] POST: Array
(
)

[02-Nov-2025 15:24:54 Europe/Berlin] === get_recent_orders.php started at 2025-11-02 15:24:54 ===
[02-Nov-2025 15:24:54 Europe/Berlin] GET: Array
(
    [_] => 1762093494766
)

[02-Nov-2025 15:24:54 Europe/Berlin] POST: Array
(
)

[02-Nov-2025 15:24:55 Europe/Berlin] === get_recent_orders.php started at 2025-11-02 15:24:55 ===
[02-Nov-2025 15:24:55 Europe/Berlin] GET: Array
(
    [_] => 1762093495073
)

[02-Nov-2025 15:24:55 Europe/Berlin] POST: Array
(
)

[02-Nov-2025 15:29:16 Europe/Berlin] === get_recent_orders.php started at 2025-11-02 15:29:16 ===
[02-Nov-2025 15:29:16 Europe/Berlin] GET: Array
(
    [_] => 1762093756952
)

[02-Nov-2025 15:29:16 Europe/Berlin] POST: Array
(
)

[02-Nov-2025 15:29:17 Europe/Berlin] === get_recent_orders.php started at 2025-11-02 15:29:17 ===
[02-Nov-2025 15:29:17 Europe/Berlin] GET: Array
(
    [_] => 1762093757271
)

[02-Nov-2025 15:29:17 Europe/Berlin] POST: Array
(
)

[02-Nov-2025 15:30:11 Europe/Berlin] === get_recent_orders.php started at 2025-11-02 15:30:11 ===
[02-Nov-2025 15:30:11 Europe/Berlin] GET: Array
(
    [_] => 1762093811535
)

[02-Nov-2025 15:30:11 Europe/Berlin] POST: Array
(
)

[02-Nov-2025 15:30:11 Europe/Berlin] === get_recent_orders.php started at 2025-11-02 15:30:11 ===
[02-Nov-2025 15:30:11 Europe/Berlin] GET: Array
(
    [_] => 1762093811847
)

[02-Nov-2025 15:30:11 Europe/Berlin] POST: Array
(
)

[02-Nov-2025 15:30:16 Europe/Berlin] === get_recent_orders.php started at 2025-11-02 15:30:16 ===
[02-Nov-2025 15:30:16 Europe/Berlin] GET: Array
(
    [_] => 1762093816799
)

[02-Nov-2025 15:30:16 Europe/Berlin] POST: Array
(
)

[02-Nov-2025 15:30:17 Europe/Berlin] === get_recent_orders.php started at 2025-11-02 15:30:17 ===
[02-Nov-2025 15:30:17 Europe/Berlin] GET: Array
(
    [_] => 1762093817115
)

[02-Nov-2025 15:30:17 Europe/Berlin] POST: Array
(
)

[02-Nov-2025 15:32:16 Europe/Berlin] === get_recent_orders.php started at 2025-11-02 15:32:16 ===
[02-Nov-2025 15:32:16 Europe/Berlin] GET: Array
(
    [_] => 1762093936187
)

[02-Nov-2025 15:32:16 Europe/Berlin] POST: Array
(
)

[02-Nov-2025 15:32:16 Europe/Berlin] === get_recent_orders.php started at 2025-11-02 15:32:16 ===
[02-Nov-2025 15:32:16 Europe/Berlin] GET: Array
(
    [_] => 1762093936496
)

[02-Nov-2025 15:32:16 Europe/Berlin] POST: Array
(
)

[02-Nov-2025 15:48:02 Europe/Berlin] === get_recent_orders.php started at 2025-11-02 15:48:02 ===
[02-Nov-2025 15:48:02 Europe/Berlin] GET: Array
(
    [_] => 1762094882165
)

[02-Nov-2025 15:48:02 Europe/Berlin] POST: Array
(
)

[02-Nov-2025 15:48:02 Europe/Berlin] === get_recent_orders.php started at 2025-11-02 15:48:02 ===
[02-Nov-2025 15:48:02 Europe/Berlin] GET: Array
(
    [_] => 1762094882473
)

[02-Nov-2025 15:48:02 Europe/Berlin] POST: Array
(
)

[02-Nov-2025 15:54:07 Europe/Berlin] === get_recent_orders.php started at 2025-11-02 15:54:07 ===
[02-Nov-2025 15:54:07 Europe/Berlin] Database connected successfully
[02-Nov-2025 15:54:07 Europe/Berlin] Executing query
[02-Nov-2025 15:54:07 Europe/Berlin] Error: Unknown column 'o.age' in 'field list' in C:\xampp\htdocs\kody\ajax\get_recent_orders.php on line 73
[02-Nov-2025 15:54:07 Europe/Berlin] === get_recent_orders.php started at 2025-11-02 15:54:07 ===
[02-Nov-2025 15:54:07 Europe/Berlin] Database connected successfully
[02-Nov-2025 15:54:07 Europe/Berlin] Executing query
[02-Nov-2025 15:54:07 Europe/Berlin] Error: Unknown column 'o.age' in 'field list' in C:\xampp\htdocs\kody\ajax\get_recent_orders.php on line 73
[02-Nov-2025 15:54:15 Europe/Berlin] === get_recent_orders.php started at 2025-11-02 15:54:15 ===
[02-Nov-2025 15:54:15 Europe/Berlin] Database connected successfully
[02-Nov-2025 15:54:15 Europe/Berlin] Executing query
[02-Nov-2025 15:54:15 Europe/Berlin] Error: Unknown column 'o.age' in 'field list' in C:\xampp\htdocs\kody\ajax\get_recent_orders.php on line 73
[02-Nov-2025 15:54:15 Europe/Berlin] === get_recent_orders.php started at 2025-11-02 15:54:15 ===
[02-Nov-2025 15:54:15 Europe/Berlin] Database connected successfully
[02-Nov-2025 15:54:15 Europe/Berlin] Executing query
[02-Nov-2025 15:54:15 Europe/Berlin] Error: Unknown column 'o.age' in 'field list' in C:\xampp\htdocs\kody\ajax\get_recent_orders.php on line 73
[02-Nov-2025 15:55:33 Europe/Berlin] === get_recent_orders.php started at 2025-11-02 15:55:33 ===
[02-Nov-2025 15:55:33 Europe/Berlin] Database connected successfully
[02-Nov-2025 15:55:33 Europe/Berlin] Executing query
[02-Nov-2025 15:55:33 Europe/Berlin] Error: Unknown column 'o.age' in 'field list' in C:\xampp\htdocs\kody\ajax\get_recent_orders.php on line 73
[02-Nov-2025 15:55:33 Europe/Berlin] === get_recent_orders.php started at 2025-11-02 15:55:33 ===
[02-Nov-2025 15:55:33 Europe/Berlin] Database connected successfully
[02-Nov-2025 15:55:33 Europe/Berlin] Executing query
[02-Nov-2025 15:55:33 Europe/Berlin] Error: Unknown column 'o.age' in 'field list' in C:\xampp\htdocs\kody\ajax\get_recent_orders.php on line 73
[03-Nov-2025 10:26:45 Europe/Berlin] === get_recent_orders.php started at 2025-11-03 10:26:45 ===
[03-Nov-2025 10:26:45 Europe/Berlin] === get_recent_orders.php started at 2025-11-03 10:26:45 ===
[03-Nov-2025 10:27:10 Europe/Berlin] === get_recent_orders.php started at 2025-11-03 10:27:10 ===
[03-Nov-2025 10:27:10 Europe/Berlin] === get_recent_orders.php started at 2025-11-03 10:27:10 ===
[03-Nov-2025 10:27:13 Europe/Berlin] === get_recent_orders.php started at 2025-11-03 10:27:13 ===
[03-Nov-2025 10:27:13 Europe/Berlin] === get_recent_orders.php started at 2025-11-03 10:27:13 ===
[03-Nov-2025 10:31:09 Europe/Berlin] === get_recent_orders.php started at 2025-11-03 10:31:09 ===
[03-Nov-2025 10:31:09 Europe/Berlin] === get_recent_orders.php started at 2025-11-03 10:31:09 ===
