[2026-05-04 17:31:22] mysqli_sql_exception: Unknown column 'cofe_idempotency_key' in 'where clause' in C:\xampp\htdocs\kody\ajax\cofe_create_order.php:40
[2026-05-04 18:03:44] mysqli_sql_exception: Unknown column 'cofe_idempotency_key' in 'where clause' in C:\xampp\htdocs\kody\ajax\cofe_create_order.php:43
[2026-05-04 18:12:01] ArgumentCountError: The number of elements in the type definition string must match the number of bind variables in C:\xampp\htdocs\kody\ajax\cofe_create_order.php:210
[2026-05-04 18:12:27] ArgumentCountError: The number of elements in the type definition string must match the number of bind variables in C:\xampp\htdocs\kody\ajax\cofe_create_order.php:210
[2026-05-04 18:12:32] ArgumentCountError: The number of elements in the type definition string must match the number of bind variables in C:\xampp\htdocs\kody\ajax\cofe_create_order.php:210
[2026-05-04 18:12:36] ArgumentCountError: The number of elements in the type definition string must match the number of bind variables in C:\xampp\htdocs\kody\ajax\cofe_create_order.php:210
[2026-05-05 13:02:03] mysqli_sql_exception: Unknown column 'pos_type' in 'field list' in C:\xampp\htdocs\kody\do\doedit_settings.php:62
[2026-05-05 13:02:14] mysqli_sql_exception: Unknown column 'pos_type' in 'field list' in C:\xampp\htdocs\kody\do\doedit_settings.php:62
[2026-05-05 13:10:44] mysqli_sql_exception: Unknown column 'pos_type' in 'field list' in C:\xampp\htdocs\kody\do\doedit_settings.php:65
[2026-05-05 13:12:45] mysqli_sql_exception: Unknown column 'pos_type' in 'field list' in C:\xampp\htdocs\kody\do\doedit_settings.php:65
[2026-05-07 19:18:10] ValueError: mysqli_stmt::bind_param(): Argument #1 ($types) must only contain the "b", "d", "i", "s" type specifiers in C:\xampp\htdocs\focus\do\doedit_invoice.php:213
[2026-05-07 19:19:49] ValueError: mysqli_stmt::bind_param(): Argument #1 ($types) must only contain the "b", "d", "i", "s" type specifiers in C:\xampp\htdocs\focus\do\doedit_invoice.php:232
[2026-05-07 19:21:24] ArgumentCountError: The number of elements in the type definition string must match the number of bind variables in C:\xampp\htdocs\focus\do\doedit_invoice.php:297
[2026-05-07 19:21:30] ArgumentCountError: The number of elements in the type definition string must match the number of bind variables in C:\xampp\htdocs\focus\do\doedit_invoice.php:297
[2026-05-07 19:24:24] DivisionByZeroError: Division by zero in C:\xampp\htdocs\focus\do\doedit_invoice.php:503
[2026-05-07 19:25:37] DivisionByZeroError: Division by zero in C:\xampp\htdocs\focus\do\doedit_invoice.php:503
[2026-05-07 19:26:48] DivisionByZeroError: Division by zero in C:\xampp\htdocs\focus\classes\InvoiceDetails.php:430
[2026-05-07 19:26:53] DivisionByZeroError: Division by zero in C:\xampp\htdocs\focus\classes\InvoiceDetails.php:430
[2026-05-09 20:21:03] TypeError: mysqli_prepare(): Argument #1 ($mysql) must be of type mysqli, null given in C:\xampp\htdocs\focus\get\get_accinfo.php:11
[2026-05-09 20:21:03] TypeError: mysqli_prepare(): Argument #1 ($mysql) must be of type mysqli, null given in C:\xampp\htdocs\focus\get\get_accinfo.php:11
[2026-05-09 20:21:03] TypeError: mysqli_prepare(): Argument #1 ($mysql) must be of type mysqli, null given in C:\xampp\htdocs\focus\get\get_accinfo.php:11
[2026-05-09 20:21:04] TypeError: mysqli_prepare(): Argument #1 ($mysql) must be of type mysqli, null given in C:\xampp\htdocs\focus\get\get_accinfo.php:11
[2026-05-09 20:21:04] TypeError: mysqli_prepare(): Argument #1 ($mysql) must be of type mysqli, null given in C:\xampp\htdocs\focus\get\get_accinfo.php:11
[2026-05-09 20:21:04] TypeError: mysqli_prepare(): Argument #1 ($mysql) must be of type mysqli, null given in C:\xampp\htdocs\focus\get\get_accinfo.php:11
[2026-05-09 20:21:04] TypeError: mysqli_prepare(): Argument #1 ($mysql) must be of type mysqli, null given in C:\xampp\htdocs\focus\get\get_accinfo.php:11
[2026-05-09 20:21:04] TypeError: mysqli_prepare(): Argument #1 ($mysql) must be of type mysqli, null given in C:\xampp\htdocs\focus\get\get_accinfo.php:11
[2026-05-09 20:21:05] TypeError: mysqli_prepare(): Argument #1 ($mysql) must be of type mysqli, null given in C:\xampp\htdocs\focus\get\get_accinfo.php:11
[2026-05-09 20:21:05] TypeError: mysqli_prepare(): Argument #1 ($mysql) must be of type mysqli, null given in C:\xampp\htdocs\focus\get\get_accinfo.php:11
[2026-05-09 20:21:05] TypeError: mysqli_prepare(): Argument #1 ($mysql) must be of type mysqli, null given in C:\xampp\htdocs\focus\get\get_accinfo.php:11
[2026-05-09 20:21:05] TypeError: mysqli_prepare(): Argument #1 ($mysql) must be of type mysqli, null given in C:\xampp\htdocs\focus\get\get_accinfo.php:11
[2026-05-09 20:21:05] TypeError: mysqli_prepare(): Argument #1 ($mysql) must be of type mysqli, null given in C:\xampp\htdocs\focus\get\get_accinfo.php:11
[2026-05-09 20:22:12] TypeError: mysqli_prepare(): Argument #1 ($mysql) must be of type mysqli, null given in C:\xampp\htdocs\focus\get\get_accinfo.php:11
[2026-05-09 20:22:12] TypeError: mysqli_prepare(): Argument #1 ($mysql) must be of type mysqli, null given in C:\xampp\htdocs\focus\get\get_accinfo.php:11
[2026-05-09 20:22:12] TypeError: mysqli_prepare(): Argument #1 ($mysql) must be of type mysqli, null given in C:\xampp\htdocs\focus\get\get_accinfo.php:11
[2026-05-09 20:22:13] TypeError: mysqli_prepare(): Argument #1 ($mysql) must be of type mysqli, null given in C:\xampp\htdocs\focus\get\get_accinfo.php:11
[2026-05-09 20:22:13] TypeError: mysqli_prepare(): Argument #1 ($mysql) must be of type mysqli, null given in C:\xampp\htdocs\focus\get\get_accinfo.php:11
[2026-05-09 20:22:13] TypeError: mysqli_prepare(): Argument #1 ($mysql) must be of type mysqli, null given in C:\xampp\htdocs\focus\get\get_accinfo.php:11
[2026-05-09 20:41:59] mysqli_sql_exception: You have an error in your SQL syntax; check the manual that corresponds to your MariaDB server version for the right syntax to use near 'محمد' at line 1 in C:\xampp\htdocs\focus\js\ajax\addcl.php:14
[2026-05-09 20:42:03] mysqli_sql_exception: You have an error in your SQL syntax; check the manual that corresponds to your MariaDB server version for the right syntax to use near 'محمد' at line 1 in C:\xampp\htdocs\focus\js\ajax\addcl.php:14
[2026-05-16 20:11:24] TypeError: mysqli_prepare(): Argument #1 ($mysql) must be of type mysqli, null given in C:\xampp\htdocs\focus\get\get_accinfo.php:11
[2026-05-16 20:11:24] TypeError: mysqli_prepare(): Argument #1 ($mysql) must be of type mysqli, null given in C:\xampp\htdocs\focus\get\get_accinfo.php:11
[2026-05-16 20:11:24] TypeError: mysqli_prepare(): Argument #1 ($mysql) must be of type mysqli, null given in C:\xampp\htdocs\focus\get\get_accinfo.php:11
[2026-05-16 20:11:24] TypeError: mysqli_prepare(): Argument #1 ($mysql) must be of type mysqli, null given in C:\xampp\htdocs\focus\get\get_accinfo.php:11
[2026-05-16 20:11:24] TypeError: mysqli_prepare(): Argument #1 ($mysql) must be of type mysqli, null given in C:\xampp\htdocs\focus\get\get_accinfo.php:11
[2026-05-16 20:11:25] TypeError: mysqli_prepare(): Argument #1 ($mysql) must be of type mysqli, null given in C:\xampp\htdocs\focus\get\get_accinfo.php:11
[2026-05-16 20:11:25] TypeError: mysqli_prepare(): Argument #1 ($mysql) must be of type mysqli, null given in C:\xampp\htdocs\focus\get\get_accinfo.php:11
[2026-05-16 20:11:25] TypeError: mysqli_prepare(): Argument #1 ($mysql) must be of type mysqli, null given in C:\xampp\htdocs\focus\get\get_accinfo.php:11
[2026-05-16 20:11:25] TypeError: mysqli_prepare(): Argument #1 ($mysql) must be of type mysqli, null given in C:\xampp\htdocs\focus\get\get_accinfo.php:11
[2026-05-16 20:11:26] TypeError: mysqli_prepare(): Argument #1 ($mysql) must be of type mysqli, null given in C:\xampp\htdocs\focus\get\get_accinfo.php:11
[2026-05-16 20:11:26] TypeError: mysqli_prepare(): Argument #1 ($mysql) must be of type mysqli, null given in C:\xampp\htdocs\focus\get\get_accinfo.php:11
[2026-05-16 20:11:26] TypeError: mysqli_prepare(): Argument #1 ($mysql) must be of type mysqli, null given in C:\xampp\htdocs\focus\get\get_accinfo.php:11
[2026-05-16 20:11:26] TypeError: mysqli_prepare(): Argument #1 ($mysql) must be of type mysqli, null given in C:\xampp\htdocs\focus\get\get_accinfo.php:11
[2026-05-16 20:11:26] TypeError: mysqli_prepare(): Argument #1 ($mysql) must be of type mysqli, null given in C:\xampp\htdocs\focus\get\get_accinfo.php:11
[2026-05-16 20:11:27] TypeError: mysqli_prepare(): Argument #1 ($mysql) must be of type mysqli, null given in C:\xampp\htdocs\focus\get\get_accinfo.php:11
[2026-05-16 20:11:27] TypeError: mysqli_prepare(): Argument #1 ($mysql) must be of type mysqli, null given in C:\xampp\htdocs\focus\get\get_accinfo.php:11
[2026-05-16 20:11:27] TypeError: mysqli_prepare(): Argument #1 ($mysql) must be of type mysqli, null given in C:\xampp\htdocs\focus\get\get_accinfo.php:11
[2026-05-16 20:11:27] TypeError: mysqli_prepare(): Argument #1 ($mysql) must be of type mysqli, null given in C:\xampp\htdocs\focus\get\get_accinfo.php:11
[2026-05-16 20:11:58] TypeError: mysqli_prepare(): Argument #1 ($mysql) must be of type mysqli, null given in C:\xampp\htdocs\focus\get\get_accinfo.php:11
[2026-05-16 20:11:58] TypeError: mysqli_prepare(): Argument #1 ($mysql) must be of type mysqli, null given in C:\xampp\htdocs\focus\get\get_accinfo.php:11
[2026-05-16 20:11:59] TypeError: mysqli_prepare(): Argument #1 ($mysql) must be of type mysqli, null given in C:\xampp\htdocs\focus\get\get_accinfo.php:11
[2026-05-16 20:11:59] TypeError: mysqli_prepare(): Argument #1 ($mysql) must be of type mysqli, null given in C:\xampp\htdocs\focus\get\get_accinfo.php:11
[2026-05-16 20:11:59] TypeError: mysqli_prepare(): Argument #1 ($mysql) must be of type mysqli, null given in C:\xampp\htdocs\focus\get\get_accinfo.php:11
[2026-05-16 20:12:00] TypeError: mysqli_prepare(): Argument #1 ($mysql) must be of type mysqli, null given in C:\xampp\htdocs\focus\get\get_accinfo.php:11
[2026-05-16 20:12:00] TypeError: mysqli_prepare(): Argument #1 ($mysql) must be of type mysqli, null given in C:\xampp\htdocs\focus\get\get_accinfo.php:11
[2026-05-16 20:12:00] TypeError: mysqli_prepare(): Argument #1 ($mysql) must be of type mysqli, null given in C:\xampp\htdocs\focus\get\get_accinfo.php:11
[2026-05-16 20:12:00] TypeError: mysqli_prepare(): Argument #1 ($mysql) must be of type mysqli, null given in C:\xampp\htdocs\focus\get\get_accinfo.php:11
[2026-05-16 20:12:00] TypeError: mysqli_prepare(): Argument #1 ($mysql) must be of type mysqli, null given in C:\xampp\htdocs\focus\get\get_accinfo.php:11
[2026-05-16 20:12:00] TypeError: mysqli_prepare(): Argument #1 ($mysql) must be of type mysqli, null given in C:\xampp\htdocs\focus\get\get_accinfo.php:11
[2026-05-16 20:12:01] TypeError: mysqli_prepare(): Argument #1 ($mysql) must be of type mysqli, null given in C:\xampp\htdocs\focus\get\get_accinfo.php:11
[2026-05-16 20:12:01] TypeError: mysqli_prepare(): Argument #1 ($mysql) must be of type mysqli, null given in C:\xampp\htdocs\focus\get\get_accinfo.php:11
[2026-05-16 20:12:01] TypeError: mysqli_prepare(): Argument #1 ($mysql) must be of type mysqli, null given in C:\xampp\htdocs\focus\get\get_accinfo.php:11
[2026-05-16 20:12:01] TypeError: mysqli_prepare(): Argument #1 ($mysql) must be of type mysqli, null given in C:\xampp\htdocs\focus\get\get_accinfo.php:11
[2026-05-16 20:12:01] TypeError: mysqli_prepare(): Argument #1 ($mysql) must be of type mysqli, null given in C:\xampp\htdocs\focus\get\get_accinfo.php:11
[2026-05-18 14:37:56] ValueError: max(): Argument #1 ($value) must contain at least one element in C:\xampp\htdocs\focus\sales-by-hour.php:75
[2026-05-18 14:38:03] ValueError: max(): Argument #1 ($value) must contain at least one element in C:\xampp\htdocs\focus\sales-by-hour.php:75
[2026-05-18 14:38:04] ValueError: max(): Argument #1 ($value) must contain at least one element in C:\xampp\htdocs\focus\sales-by-hour.php:75
[2026-05-18 14:38:04] ValueError: max(): Argument #1 ($value) must contain at least one element in C:\xampp\htdocs\focus\sales-by-hour.php:75
[2026-05-18 14:38:08] ValueError: max(): Argument #1 ($value) must contain at least one element in C:\xampp\htdocs\focus\sales-by-hour.php:75
[2026-05-21 01:11:25] TypeError: mysqli_prepare(): Argument #1 ($mysql) must be of type mysqli, null given in C:\xampp\htdocs\focus\get\get_accinfo.php:11
[2026-05-21 01:11:25] TypeError: mysqli_prepare(): Argument #1 ($mysql) must be of type mysqli, null given in C:\xampp\htdocs\focus\get\get_accinfo.php:11
[2026-05-21 01:11:25] TypeError: mysqli_prepare(): Argument #1 ($mysql) must be of type mysqli, null given in C:\xampp\htdocs\focus\get\get_accinfo.php:11
[2026-05-21 01:11:25] TypeError: mysqli_prepare(): Argument #1 ($mysql) must be of type mysqli, null given in C:\xampp\htdocs\focus\get\get_accinfo.php:11
[2026-05-21 01:11:26] TypeError: mysqli_prepare(): Argument #1 ($mysql) must be of type mysqli, null given in C:\xampp\htdocs\focus\get\get_accinfo.php:11
[2026-05-21 01:11:26] TypeError: mysqli_prepare(): Argument #1 ($mysql) must be of type mysqli, null given in C:\xampp\htdocs\focus\get\get_accinfo.php:11
[2026-05-21 01:11:26] TypeError: mysqli_prepare(): Argument #1 ($mysql) must be of type mysqli, null given in C:\xampp\htdocs\focus\get\get_accinfo.php:11
[2026-05-21 01:11:26] TypeError: mysqli_prepare(): Argument #1 ($mysql) must be of type mysqli, null given in C:\xampp\htdocs\focus\get\get_accinfo.php:11
[2026-05-21 01:11:27] TypeError: mysqli_prepare(): Argument #1 ($mysql) must be of type mysqli, null given in C:\xampp\htdocs\focus\get\get_accinfo.php:11
[2026-05-21 01:11:27] TypeError: mysqli_prepare(): Argument #1 ($mysql) must be of type mysqli, null given in C:\xampp\htdocs\focus\get\get_accinfo.php:11
[2026-05-21 01:11:27] TypeError: mysqli_prepare(): Argument #1 ($mysql) must be of type mysqli, null given in C:\xampp\htdocs\focus\get\get_accinfo.php:11
[2026-05-21 01:11:27] TypeError: mysqli_prepare(): Argument #1 ($mysql) must be of type mysqli, null given in C:\xampp\htdocs\focus\get\get_accinfo.php:11
[2026-05-21 01:11:29] TypeError: mysqli_prepare(): Argument #1 ($mysql) must be of type mysqli, null given in C:\xampp\htdocs\focus\get\get_accinfo.php:11
[2026-05-21 01:11:29] TypeError: mysqli_prepare(): Argument #1 ($mysql) must be of type mysqli, null given in C:\xampp\htdocs\focus\get\get_accinfo.php:11
[2026-05-21 01:11:29] TypeError: mysqli_prepare(): Argument #1 ($mysql) must be of type mysqli, null given in C:\xampp\htdocs\focus\get\get_accinfo.php:11
[2026-05-21 01:11:30] TypeError: mysqli_prepare(): Argument #1 ($mysql) must be of type mysqli, null given in C:\xampp\htdocs\focus\get\get_accinfo.php:11
[2026-05-21 01:11:30] TypeError: mysqli_prepare(): Argument #1 ($mysql) must be of type mysqli, null given in C:\xampp\htdocs\focus\get\get_accinfo.php:11
[2026-05-21 01:11:30] TypeError: mysqli_prepare(): Argument #1 ($mysql) must be of type mysqli, null given in C:\xampp\htdocs\focus\get\get_accinfo.php:11
[2026-05-21 01:11:30] TypeError: mysqli_prepare(): Argument #1 ($mysql) must be of type mysqli, null given in C:\xampp\htdocs\focus\get\get_accinfo.php:11
[2026-05-21 01:11:30] TypeError: mysqli_prepare(): Argument #1 ($mysql) must be of type mysqli, null given in C:\xampp\htdocs\focus\get\get_accinfo.php:11
[2026-05-21 01:11:30] TypeError: mysqli_prepare(): Argument #1 ($mysql) must be of type mysqli, null given in C:\xampp\htdocs\focus\get\get_accinfo.php:11
[2026-05-21 01:11:31] TypeError: mysqli_prepare(): Argument #1 ($mysql) must be of type mysqli, null given in C:\xampp\htdocs\focus\get\get_accinfo.php:11
[2026-05-21 01:11:31] TypeError: mysqli_prepare(): Argument #1 ($mysql) must be of type mysqli, null given in C:\xampp\htdocs\focus\get\get_accinfo.php:11
[2026-05-21 01:11:31] TypeError: mysqli_prepare(): Argument #1 ($mysql) must be of type mysqli, null given in C:\xampp\htdocs\focus\get\get_accinfo.php:11
[2026-05-21 01:11:31] TypeError: mysqli_prepare(): Argument #1 ($mysql) must be of type mysqli, null given in C:\xampp\htdocs\focus\get\get_accinfo.php:11
[2026-05-21 01:11:31] TypeError: mysqli_prepare(): Argument #1 ($mysql) must be of type mysqli, null given in C:\xampp\htdocs\focus\get\get_accinfo.php:11
[2026-05-21 01:11:34] TypeError: mysqli_prepare(): Argument #1 ($mysql) must be of type mysqli, null given in C:\xampp\htdocs\focus\get\get_accinfo.php:11
[2026-05-21 01:11:34] TypeError: mysqli_prepare(): Argument #1 ($mysql) must be of type mysqli, null given in C:\xampp\htdocs\focus\get\get_accinfo.php:11
[2026-05-21 01:11:34] TypeError: mysqli_prepare(): Argument #1 ($mysql) must be of type mysqli, null given in C:\xampp\htdocs\focus\get\get_accinfo.php:11
[2026-05-21 01:11:34] TypeError: mysqli_prepare(): Argument #1 ($mysql) must be of type mysqli, null given in C:\xampp\htdocs\focus\get\get_accinfo.php:11
[2026-05-21 01:11:35] TypeError: mysqli_prepare(): Argument #1 ($mysql) must be of type mysqli, null given in C:\xampp\htdocs\focus\get\get_accinfo.php:11
[2026-05-21 01:11:35] TypeError: mysqli_prepare(): Argument #1 ($mysql) must be of type mysqli, null given in C:\xampp\htdocs\focus\get\get_accinfo.php:11
[2026-05-21 01:11:35] TypeError: mysqli_prepare(): Argument #1 ($mysql) must be of type mysqli, null given in C:\xampp\htdocs\focus\get\get_accinfo.php:11
[2026-05-21 01:11:35] TypeError: mysqli_prepare(): Argument #1 ($mysql) must be of type mysqli, null given in C:\xampp\htdocs\focus\get\get_accinfo.php:11
[2026-05-21 01:11:36] TypeError: mysqli_prepare(): Argument #1 ($mysql) must be of type mysqli, null given in C:\xampp\htdocs\focus\get\get_accinfo.php:11
[2026-05-21 01:11:37] TypeError: mysqli_prepare(): Argument #1 ($mysql) must be of type mysqli, null given in C:\xampp\htdocs\focus\get\get_accinfo.php:11
[2026-05-21 01:11:37] TypeError: mysqli_prepare(): Argument #1 ($mysql) must be of type mysqli, null given in C:\xampp\htdocs\focus\get\get_accinfo.php:11
[2026-05-21 01:11:37] TypeError: mysqli_prepare(): Argument #1 ($mysql) must be of type mysqli, null given in C:\xampp\htdocs\focus\get\get_accinfo.php:11
[2026-05-21 01:11:45] TypeError: mysqli_prepare(): Argument #1 ($mysql) must be of type mysqli, null given in C:\xampp\htdocs\focus\get\get_accinfo.php:11
[2026-05-21 01:11:45] TypeError: mysqli_prepare(): Argument #1 ($mysql) must be of type mysqli, null given in C:\xampp\htdocs\focus\get\get_accinfo.php:11
[2026-05-21 01:11:46] TypeError: mysqli_prepare(): Argument #1 ($mysql) must be of type mysqli, null given in C:\xampp\htdocs\focus\get\get_accinfo.php:11
[2026-05-21 01:11:46] TypeError: mysqli_prepare(): Argument #1 ($mysql) must be of type mysqli, null given in C:\xampp\htdocs\focus\get\get_accinfo.php:11
[2026-05-21 01:11:46] TypeError: mysqli_prepare(): Argument #1 ($mysql) must be of type mysqli, null given in C:\xampp\htdocs\focus\get\get_accinfo.php:11
[2026-05-24 17:01:13] ArgumentCountError: The number of elements in the type definition string must match the number of bind variables in C:\xampp\htdocs\focus\ajax\generate_items.php:244
[2026-05-24 17:01:23] ArgumentCountError: The number of elements in the type definition string must match the number of bind variables in C:\xampp\htdocs\focus\ajax\generate_items.php:244
[2026-05-24 17:01:35] ArgumentCountError: The number of elements in the type definition string must match the number of bind variables in C:\xampp\htdocs\focus\ajax\generate_items.php:244
[2026-05-24 18:21:52] TypeError: mysqli_prepare(): Argument #1 ($mysql) must be of type mysqli, null given in C:\xampp\htdocs\focus\get\get_accinfo.php:11
[2026-05-24 18:21:53] TypeError: mysqli_prepare(): Argument #1 ($mysql) must be of type mysqli, null given in C:\xampp\htdocs\focus\get\get_accinfo.php:11
[2026-05-24 18:21:53] TypeError: mysqli_prepare(): Argument #1 ($mysql) must be of type mysqli, null given in C:\xampp\htdocs\focus\get\get_accinfo.php:11
[2026-05-24 18:21:54] TypeError: mysqli_prepare(): Argument #1 ($mysql) must be of type mysqli, null given in C:\xampp\htdocs\focus\get\get_accinfo.php:11
[2026-05-24 18:21:54] TypeError: mysqli_prepare(): Argument #1 ($mysql) must be of type mysqli, null given in C:\xampp\htdocs\focus\get\get_accinfo.php:11
[2026-05-24 18:21:54] TypeError: mysqli_prepare(): Argument #1 ($mysql) must be of type mysqli, null given in C:\xampp\htdocs\focus\get\get_accinfo.php:11
[2026-05-24 18:21:55] TypeError: mysqli_prepare(): Argument #1 ($mysql) must be of type mysqli, null given in C:\xampp\htdocs\focus\get\get_accinfo.php:11
[2026-05-24 18:21:55] TypeError: mysqli_prepare(): Argument #1 ($mysql) must be of type mysqli, null given in C:\xampp\htdocs\focus\get\get_accinfo.php:11
[2026-05-24 18:21:55] TypeError: mysqli_prepare(): Argument #1 ($mysql) must be of type mysqli, null given in C:\xampp\htdocs\focus\get\get_accinfo.php:11
[2026-05-24 18:21:55] TypeError: mysqli_prepare(): Argument #1 ($mysql) must be of type mysqli, null given in C:\xampp\htdocs\focus\get\get_accinfo.php:11
[2026-05-24 18:21:55] TypeError: mysqli_prepare(): Argument #1 ($mysql) must be of type mysqli, null given in C:\xampp\htdocs\focus\get\get_accinfo.php:11
[2026-05-24 18:23:11] TypeError: mysqli_prepare(): Argument #1 ($mysql) must be of type mysqli, null given in C:\xampp\htdocs\focus\get\get_accinfo.php:11
[2026-05-24 18:23:12] TypeError: mysqli_prepare(): Argument #1 ($mysql) must be of type mysqli, null given in C:\xampp\htdocs\focus\get\get_accinfo.php:11
[2026-05-24 18:23:12] TypeError: mysqli_prepare(): Argument #1 ($mysql) must be of type mysqli, null given in C:\xampp\htdocs\focus\get\get_accinfo.php:11
[2026-05-24 18:23:12] TypeError: mysqli_prepare(): Argument #1 ($mysql) must be of type mysqli, null given in C:\xampp\htdocs\focus\get\get_accinfo.php:11
[2026-05-24 18:23:12] TypeError: mysqli_prepare(): Argument #1 ($mysql) must be of type mysqli, null given in C:\xampp\htdocs\focus\get\get_accinfo.php:11
[2026-05-24 18:23:14] TypeError: mysqli_prepare(): Argument #1 ($mysql) must be of type mysqli, null given in C:\xampp\htdocs\focus\get\get_accinfo.php:11
[2026-05-24 18:23:14] TypeError: mysqli_prepare(): Argument #1 ($mysql) must be of type mysqli, null given in C:\xampp\htdocs\focus\get\get_accinfo.php:11
[2026-05-24 18:23:15] TypeError: mysqli_prepare(): Argument #1 ($mysql) must be of type mysqli, null given in C:\xampp\htdocs\focus\get\get_accinfo.php:11
[2026-05-24 18:23:15] TypeError: mysqli_prepare(): Argument #1 ($mysql) must be of type mysqli, null given in C:\xampp\htdocs\focus\get\get_accinfo.php:11
[2026-05-25 17:11:20] mysqli_sql_exception: Reference 'total_value' not supported (reference to group function) in C:\xampp\htdocs\focus\items_summery.php:149
[2026-05-25 17:11:36] mysqli_sql_exception: Reference 'total_value' not supported (reference to group function) in C:\xampp\htdocs\focus\items_summery.php:149
[2026-05-26 00:08:06] mysqli_sql_exception: Table 'kody2.categores' doesn't exist in C:\xampp\htdocs\focus\print\closed_session_items.php:72
[2026-05-26 00:08:10] mysqli_sql_exception: Table 'kody2.categores' doesn't exist in C:\xampp\htdocs\focus\print\closed_session_items.php:72
[2026-06-04 15:07:31] DivisionByZeroError: Division by zero in C:\xampp\htdocs\focus\do\doadd_calcsalary.php:141
[2026-06-04 15:15:30] DivisionByZeroError: Division by zero in C:\xampp\htdocs\focus\calcsalary.php:86
[2026-06-09 18:33:59] mysqli_sql_exception: Unknown column 'showpulse' in 'field list' in C:\xampp\htdocs\kody2\do\doedit_settings.php:67
[2026-06-09 18:34:17] mysqli_sql_exception: Unknown column 'showpulse' in 'field list' in C:\xampp\htdocs\kody2\do\doedit_settings.php:67
[2026-06-09 18:37:59] mysqli_sql_exception: You have an error in your SQL syntax; check the manual that corresponds to your MariaDB server version for the right syntax to use near 'ALTER TABLE `closed_orders`
  ADD PRIMARY KEY (`id`);

ALTER TABLE `closed...' at line 25 in C:\xampp\htdocs\kody2\update\doupdate.php:5
[2026-06-09 18:38:40] mysqli_sql_exception: Duplicate column name 'jal_name' in C:\xampp\htdocs\kody2\run_update_006.php:10
[2026-06-09 18:42:47] mysqli_sql_exception: Unknown column 'showpulse' in 'field list' in C:\xampp\htdocs\kody2\do\doedit_settings.php:67
[2026-06-09 18:45:32] mysqli_sql_exception: Duplicate column name 'showpulse' in C:\xampp\htdocs\kody2\run_pulse_setup.php:15
